<?xml version="1.0" encoding="UTF-8"?>
<!-- Generated by org.testng.reporters.JUnitXMLReporter -->
<testsuite hostname="DESKTOP-14DTQF0" name="Test" tests="11" failures="0" timestamp="17 Dec 2019 19:21:39 GMT" time="16.858" errors="0">
  <testcase name="@BeforeTest beginMethods" time="0.0" classname="testLayer.CalenderTest">
    <failure type="org.openqa.selenium.SessionNotCreatedException" message="session not created
from chrome not reachable
  (Session info: chrome=79.0.3945.79)
  (Driver info: chromedriver=72.0.3626.69 (3c16f8a135abc0d4da2dff33804db79b849a7c38),platform=Windows NT 10.0.18362 x86_64) (WARNING: The server did not provide any stacktrace information)
Command duration or timeout: 15.04 seconds
Build info: version: &amp;apos;3.14.0&amp;apos;, revision: &amp;apos;aacccce0&amp;apos;, time: &amp;apos;2018-08-02T20:19:58.91Z&amp;apos;
System info: host: &amp;apos;DESKTOP-14DTQF0&amp;apos;, ip: &amp;apos;169.254.86.94&amp;apos;, os.name: &amp;apos;Windows 10&amp;apos;, os.arch: &amp;apos;amd64&amp;apos;, os.version: &amp;apos;10.0&amp;apos;, java.version: &amp;apos;1.8.0_201&amp;apos;
Driver info: driver.version: ChromeDriver">
      <![CDATA[org.openqa.selenium.SessionNotCreatedException: session not created
from chrome not reachable
  (Session info: chrome=79.0.3945.79)
  (Driver info: chromedriver=72.0.3626.69 (3c16f8a135abc0d4da2dff33804db79b849a7c38),platform=Windows NT 10.0.18362 x86_64) (WARNING: The server did not provide any stacktrace information)
Command duration or timeout: 15.04 seconds
Build info: version: '3.14.0', revision: 'aacccce0', time: '2018-08-02T20:19:58.91Z'
System info: host: 'DESKTOP-14DTQF0', ip: '169.254.86.94', os.name: 'Windows 10', os.arch: 'amd64', os.version: '10.0', java.version: '1.8.0_201'
Driver info: driver.version: ChromeDriver
	at org.openqa.selenium.remote.ErrorHandler.createThrowable(ErrorHandler.java:214)
	at org.openqa.selenium.remote.ErrorHandler.throwIfResponseFailed(ErrorHandler.java:166)
	at org.openqa.selenium.remote.JsonWireProtocolResponse.lambda$new$0(JsonWireProtocolResponse.java:53)
	at org.openqa.selenium.remote.JsonWireProtocolResponse.lambda$getResponseFunction$2(JsonWireProtocolResponse.java:91)
	at org.openqa.selenium.remote.ProtocolHandshake.lambda$createSession$0(ProtocolHandshake.java:122)
	at java.util.stream.ReferencePipeline$3$1.accept(Unknown Source)
	at java.util.Spliterators$ArraySpliterator.tryAdvance(Unknown Source)
	at java.util.stream.ReferencePipeline.forEachWithCancel(Unknown Source)
	at java.util.stream.AbstractPipeline.copyIntoWithCancel(Unknown Source)
	at java.util.stream.AbstractPipeline.copyInto(Unknown Source)
	at java.util.stream.AbstractPipeline.wrapAndCopyInto(Unknown Source)
	at java.util.stream.FindOps$FindOp.evaluateSequential(Unknown Source)
	at java.util.stream.AbstractPipeline.evaluate(Unknown Source)
	at java.util.stream.ReferencePipeline.findFirst(Unknown Source)
	at org.openqa.selenium.remote.ProtocolHandshake.createSession(ProtocolHandshake.java:125)
	at org.openqa.selenium.remote.ProtocolHandshake.createSession(ProtocolHandshake.java:73)
	at org.openqa.selenium.remote.HttpCommandExecutor.execute(HttpCommandExecutor.java:136)
	at org.openqa.selenium.remote.service.DriverCommandExecutor.execute(DriverCommandExecutor.java:83)
	at org.openqa.selenium.remote.RemoteWebDriver.execute(RemoteWebDriver.java:548)
	at org.openqa.selenium.remote.RemoteWebDriver.startSession(RemoteWebDriver.java:212)
	at org.openqa.selenium.remote.RemoteWebDriver.<init>(RemoteWebDriver.java:130)
	at org.openqa.selenium.chrome.ChromeDriver.<init>(ChromeDriver.java:181)
	at org.openqa.selenium.chrome.ChromeDriver.<init>(ChromeDriver.java:168)
	at org.openqa.selenium.chrome.ChromeDriver.<init>(ChromeDriver.java:123)
	at Basepakg.parentClass.there(parentClass.java:27)
	at testLayer.CalenderTest.beginMethods(CalenderTest.java:33)
... Removed 26 stack frames]]>
    </failure>
  </testcase> <!-- @BeforeTest beginMethods -->
  <testcase name="@BeforeTest getThere" time="0.0" classname="testLayer.CalenderTest">
    <skipped/>
  </testcase> <!-- @BeforeTest getThere -->
  <testcase name="@BeforeTest getThere" time="0.0" classname="testLayer.CalenderTest">
    <skipped/>
  </testcase> <!-- @BeforeTest getThere -->
  <testcase name="@BeforeMethod begist" time="0.0" classname="testLayer.LoginTest">
    <skipped/>
  </testcase> <!-- @BeforeMethod begist -->
  <testcase name="@AfterMethod tearDown" time="0.0" classname="testLayer.LoginTest">
    <skipped/>
  </testcase> <!-- @AfterMethod tearDown -->
  <testcase name="@BeforeMethod begist" time="0.0" classname="testLayer.LoginTest">
    <skipped/>
  </testcase> <!-- @BeforeMethod begist -->
  <testcase name="@AfterMethod tearDown" time="0.0" classname="testLayer.LoginTest">
    <skipped/>
  </testcase> <!-- @AfterMethod tearDown -->
  <testcase name="@AfterTest tearDown" time="0.0" classname="testLayer.ContactsTest">
    <skipped/>
  </testcase> <!-- @AfterTest tearDown -->
  <testcase name="@AfterTest tearDown" time="0.0" classname="testLayer.ContactsTest">
    <skipped/>
  </testcase> <!-- @AfterTest tearDown -->
  <testcase name="CRMTitleTest" time="0.001" classname="testLayer.HomeTest">
    <skipped/>
  </testcase> <!-- CRMTitleTest -->
  <testcase name="Contactspagetest" time="0.001" classname="testLayer.HomeTest">
    <skipped/>
  </testcase> <!-- Contactspagetest -->
  <testcase name="Postspagetest" time="0.001" classname="testLayer.HomeTest">
    <skipped/>
  </testcase> <!-- Postspagetest -->
  <testcase name="usernameTest" time="0.001" classname="testLayer.HomeTest">
    <skipped/>
  </testcase> <!-- usernameTest -->
  <testcase name="dateTest" time="0.0" classname="testLayer.CalenderTest">
    <skipped/>
  </testcase> <!-- dateTest -->
  <testcase name="testMethod" time="0.001" classname="testLayer.CalenderTest">
    <skipped/>
  </testcase> <!-- testMethod -->
  <testcase name="titleTest" time="0.001" classname="testLayer.CalenderTest">
    <skipped/>
  </testcase> <!-- titleTest -->
  <testcase name="getCheckboxTick" time="0.0" classname="testLayer.ContactsTest">
    <skipped/>
  </testcase> <!-- getCheckboxTick -->
  <testcase name="titleTest" time="0.0" classname="testLayer.ContactsTest">
    <skipped/>
  </testcase> <!-- titleTest -->
  <testcase name="iconTest" time="0.001" classname="testLayer.LoginTest">
    <skipped/>
  </testcase> <!-- iconTest -->
  <testcase name="loginTest" time="0.0" classname="testLayer.LoginTest">
    <skipped/>
  </testcase> <!-- loginTest -->
</testsuite> <!-- Test -->
