<?xml version="1.0" encoding="UTF-8"?>
<testng-results skipped="10" failed="1" total="11" passed="0">
  <reporter-output>
  </reporter-output>
  <suite name="Suite" duration-ms="16858" started-at="2019-12-17T19:21:22Z" finished-at="2019-12-17T19:21:39Z">
    <groups>
      <group name="kadu">
        <method signature="CalenderTest.titleTest()[pri:0, instance:testLayer.CalenderTest@7c0e2abd]" name="titleTest" class="testLayer.CalenderTest"/>
        <method signature="ContactsTest.titleTest()[pri:0, instance:testLayer.ContactsTest@48eff760]" name="titleTest" class="testLayer.ContactsTest"/>
        <method signature="HomeTest.CRMTitleTest()[pri:0, instance:testLayer.HomeTest@3c756e4d]" name="CRMTitleTest" class="testLayer.HomeTest"/>
        <method signature="LoginTest.iconTest()[pri:0, instance:testLayer.LoginTest@4590c9c3]" name="iconTest" class="testLayer.LoginTest"/>
      </group> <!-- kadu -->
    </groups>
    <test name="Test" duration-ms="16858" started-at="2019-12-17T19:21:22Z" finished-at="2019-12-17T19:21:39Z">
      <class name="testLayer.LoginTest">
        <test-method status="SKIP" signature="begist()[pri:0, instance:testLayer.LoginTest@4590c9c3]" name="begist" is-config="true" duration-ms="0" started-at="2019-12-17T14:21:39Z" finished-at="2019-12-17T14:21:39Z">
          <reporter-output>
          </reporter-output>
        </test-method> <!-- begist -->
        <test-method status="SKIP" signature="iconTest()[pri:0, instance:testLayer.LoginTest@4590c9c3]" name="iconTest" duration-ms="1" started-at="2019-12-17T14:21:39Z" finished-at="2019-12-17T14:21:39Z">
          <reporter-output>
          </reporter-output>
        </test-method> <!-- iconTest -->
        <test-method status="SKIP" signature="tearDown()[pri:0, instance:testLayer.LoginTest@4590c9c3]" name="tearDown" is-config="true" duration-ms="0" started-at="2019-12-17T14:21:39Z" finished-at="2019-12-17T14:21:39Z">
          <reporter-output>
          </reporter-output>
        </test-method> <!-- tearDown -->
        <test-method status="SKIP" signature="begist()[pri:0, instance:testLayer.LoginTest@4590c9c3]" name="begist" is-config="true" duration-ms="0" started-at="2019-12-17T14:21:39Z" finished-at="2019-12-17T14:21:39Z">
          <reporter-output>
          </reporter-output>
        </test-method> <!-- begist -->
        <test-method status="SKIP" signature="loginTest()[pri:0, instance:testLayer.LoginTest@4590c9c3]" name="loginTest" duration-ms="0" started-at="2019-12-17T14:21:39Z" finished-at="2019-12-17T14:21:39Z">
          <reporter-output>
          </reporter-output>
        </test-method> <!-- loginTest -->
        <test-method status="SKIP" signature="tearDown()[pri:0, instance:testLayer.LoginTest@4590c9c3]" name="tearDown" is-config="true" duration-ms="0" started-at="2019-12-17T14:21:39Z" finished-at="2019-12-17T14:21:39Z">
          <reporter-output>
          </reporter-output>
        </test-method> <!-- tearDown -->
      </class> <!-- testLayer.LoginTest -->
      <class name="testLayer.HomeTest">
        <test-method status="SKIP" signature="CRMTitleTest()[pri:0, instance:testLayer.HomeTest@3c756e4d]" name="CRMTitleTest" duration-ms="1" started-at="2019-12-17T14:21:39Z" finished-at="2019-12-17T14:21:39Z">
          <reporter-output>
          </reporter-output>
        </test-method> <!-- CRMTitleTest -->
        <test-method status="SKIP" signature="Contactspagetest()[pri:0, instance:testLayer.HomeTest@3c756e4d]" name="Contactspagetest" duration-ms="1" started-at="2019-12-17T14:21:39Z" finished-at="2019-12-17T14:21:39Z">
          <reporter-output>
          </reporter-output>
        </test-method> <!-- Contactspagetest -->
        <test-method status="SKIP" signature="Postspagetest()[pri:0, instance:testLayer.HomeTest@3c756e4d]" name="Postspagetest" duration-ms="1" started-at="2019-12-17T14:21:39Z" finished-at="2019-12-17T14:21:39Z">
          <reporter-output>
          </reporter-output>
        </test-method> <!-- Postspagetest -->
        <test-method status="SKIP" signature="usernameTest()[pri:0, instance:testLayer.HomeTest@3c756e4d]" name="usernameTest" duration-ms="1" started-at="2019-12-17T14:21:39Z" finished-at="2019-12-17T14:21:39Z">
          <reporter-output>
          </reporter-output>
        </test-method> <!-- usernameTest -->
      </class> <!-- testLayer.HomeTest -->
      <class name="testLayer.CalenderTest">
        <test-method status="FAIL" signature="beginMethods()[pri:0, instance:testLayer.CalenderTest@7c0e2abd]" name="beginMethods" is-config="true" duration-ms="0" started-at="2019-12-17T14:21:22Z" finished-at="2019-12-17T14:21:22Z">
          <exception class="org.openqa.selenium.SessionNotCreatedException">
            <message>
              <![CDATA[session not created
from chrome not reachable
  (Session info: chrome=79.0.3945.79)
  (Driver info: chromedriver=72.0.3626.69 (3c16f8a135abc0d4da2dff33804db79b849a7c38),platform=Windows NT 10.0.18362 x86_64) (WARNING: The server did not provide any stacktrace information)
Command duration or timeout: 15.04 seconds
Build info: version: '3.14.0', revision: 'aacccce0', time: '2018-08-02T20:19:58.91Z'
System info: host: 'DESKTOP-14DTQF0', ip: '169.254.86.94', os.name: 'Windows 10', os.arch: 'amd64', os.version: '10.0', java.version: '1.8.0_201'
Driver info: driver.version: ChromeDriver]]>
            </message>
            <full-stacktrace>
              <![CDATA[org.openqa.selenium.SessionNotCreatedException: session not created
from chrome not reachable
  (Session info: chrome=79.0.3945.79)
  (Driver info: chromedriver=72.0.3626.69 (3c16f8a135abc0d4da2dff33804db79b849a7c38),platform=Windows NT 10.0.18362 x86_64) (WARNING: The server did not provide any stacktrace information)
Command duration or timeout: 15.04 seconds
Build info: version: '3.14.0', revision: 'aacccce0', time: '2018-08-02T20:19:58.91Z'
System info: host: 'DESKTOP-14DTQF0', ip: '169.254.86.94', os.name: 'Windows 10', os.arch: 'amd64', os.version: '10.0', java.version: '1.8.0_201'
Driver info: driver.version: ChromeDriver
	at sun.reflect.NativeConstructorAccessorImpl.newInstance0(Native Method)
	at sun.reflect.NativeConstructorAccessorImpl.newInstance(Unknown Source)
	at sun.reflect.DelegatingConstructorAccessorImpl.newInstance(Unknown Source)
	at java.lang.reflect.Constructor.newInstance(Unknown Source)
	at org.openqa.selenium.remote.ErrorHandler.createThrowable(ErrorHandler.java:214)
	at org.openqa.selenium.remote.ErrorHandler.throwIfResponseFailed(ErrorHandler.java:166)
	at org.openqa.selenium.remote.JsonWireProtocolResponse.lambda$new$0(JsonWireProtocolResponse.java:53)
	at org.openqa.selenium.remote.JsonWireProtocolResponse.lambda$getResponseFunction$2(JsonWireProtocolResponse.java:91)
	at org.openqa.selenium.remote.ProtocolHandshake.lambda$createSession$0(ProtocolHandshake.java:122)
	at java.util.stream.ReferencePipeline$3$1.accept(Unknown Source)
	at java.util.Spliterators$ArraySpliterator.tryAdvance(Unknown Source)
	at java.util.stream.ReferencePipeline.forEachWithCancel(Unknown Source)
	at java.util.stream.AbstractPipeline.copyIntoWithCancel(Unknown Source)
	at java.util.stream.AbstractPipeline.copyInto(Unknown Source)
	at java.util.stream.AbstractPipeline.wrapAndCopyInto(Unknown Source)
	at java.util.stream.FindOps$FindOp.evaluateSequential(Unknown Source)
	at java.util.stream.AbstractPipeline.evaluate(Unknown Source)
	at java.util.stream.ReferencePipeline.findFirst(Unknown Source)
	at org.openqa.selenium.remote.ProtocolHandshake.createSession(ProtocolHandshake.java:125)
	at org.openqa.selenium.remote.ProtocolHandshake.createSession(ProtocolHandshake.java:73)
	at org.openqa.selenium.remote.HttpCommandExecutor.execute(HttpCommandExecutor.java:136)
	at org.openqa.selenium.remote.service.DriverCommandExecutor.execute(DriverCommandExecutor.java:83)
	at org.openqa.selenium.remote.RemoteWebDriver.execute(RemoteWebDriver.java:548)
	at org.openqa.selenium.remote.RemoteWebDriver.startSession(RemoteWebDriver.java:212)
	at org.openqa.selenium.remote.RemoteWebDriver.<init>(RemoteWebDriver.java:130)
	at org.openqa.selenium.chrome.ChromeDriver.<init>(ChromeDriver.java:181)
	at org.openqa.selenium.chrome.ChromeDriver.<init>(ChromeDriver.java:168)
	at org.openqa.selenium.chrome.ChromeDriver.<init>(ChromeDriver.java:123)
	at Basepakg.parentClass.there(parentClass.java:27)
	at testLayer.CalenderTest.beginMethods(CalenderTest.java:33)
	at sun.reflect.NativeMethodAccessorImpl.invoke0(Native Method)
	at sun.reflect.NativeMethodAccessorImpl.invoke(Unknown Source)
	at sun.reflect.DelegatingMethodAccessorImpl.invoke(Unknown Source)
	at java.lang.reflect.Method.invoke(Unknown Source)
	at org.testng.internal.MethodInvocationHelper.invokeMethod(MethodInvocationHelper.java:80)
	at org.testng.internal.Invoker.invokeConfigurationMethod(Invoker.java:564)
	at org.testng.internal.Invoker.invokeConfigurations(Invoker.java:213)
	at org.testng.internal.Invoker.invokeConfigurations(Invoker.java:138)
	at org.testng.TestRunner.beforeRun(TestRunner.java:641)
	at org.testng.TestRunner.run(TestRunner.java:609)
	at org.testng.SuiteRunner.runTest(SuiteRunner.java:334)
	at org.testng.SuiteRunner.runSequentially(SuiteRunner.java:329)
	at org.testng.SuiteRunner.privateRun(SuiteRunner.java:291)
	at org.testng.SuiteRunner.run(SuiteRunner.java:240)
	at org.testng.SuiteRunnerWorker.runSuite(SuiteRunnerWorker.java:51)
	at org.testng.SuiteRunnerWorker.run(SuiteRunnerWorker.java:85)
	at org.testng.TestNG.runSuitesSequentially(TestNG.java:1197)
	at org.testng.TestNG.runSuitesLocally(TestNG.java:1122)
	at org.testng.TestNG.run(TestNG.java:1030)
	at org.testng.remote.AbstractRemoteTestNG.run(AbstractRemoteTestNG.java:115)
	at org.testng.remote.RemoteTestNG.initAndRun(RemoteTestNG.java:251)
	at org.testng.remote.RemoteTestNG.main(RemoteTestNG.java:77)
]]>
            </full-stacktrace>
          </exception> <!-- org.openqa.selenium.SessionNotCreatedException -->
          <reporter-output>
          </reporter-output>
        </test-method> <!-- beginMethods -->
        <test-method status="SKIP" signature="getThere()[pri:0, instance:testLayer.ContactsTest@48eff760]" name="getThere" is-config="true" duration-ms="0" started-at="2019-12-17T14:21:39Z" finished-at="2019-12-17T14:21:39Z">
          <reporter-output>
          </reporter-output>
        </test-method> <!-- getThere -->
        <test-method status="SKIP" signature="getThere()[pri:0, instance:testLayer.HomeTest@3c756e4d]" name="getThere" is-config="true" duration-ms="0" started-at="2019-12-17T14:21:39Z" finished-at="2019-12-17T14:21:39Z">
          <reporter-output>
          </reporter-output>
        </test-method> <!-- getThere -->
        <test-method status="SKIP" signature="dateTest()[pri:0, instance:testLayer.CalenderTest@7c0e2abd]" name="dateTest" duration-ms="0" started-at="2019-12-17T14:21:39Z" finished-at="2019-12-17T14:21:39Z">
          <reporter-output>
          </reporter-output>
        </test-method> <!-- dateTest -->
        <test-method status="FAIL" signature="testMethod(java.lang.String)[pri:0, instance:testLayer.CalenderTest@7c0e2abd]" name="testMethod" duration-ms="0" started-at="2019-12-17T14:21:39Z" finished-at="2019-12-17T14:21:39Z">
          <exception class="org.testng.TestNGException">
            <message>
              <![CDATA[
Parameter 'URL' is required by @Test on method testMethod but has not been marked @Optional or defined
in C:\Users\Sanil Umakant Kamat\eclipse-workspace\CRM\testng.xml]]>
            </message>
            <full-stacktrace>
              <![CDATA[org.testng.TestNGException: 
Parameter 'URL' is required by @Test on method testMethod but has not been marked @Optional or defined
in C:\Users\Sanil Umakant Kamat\eclipse-workspace\CRM\testng.xml
	at org.testng.internal.Parameters.createParameters(Parameters.java:155)
	at org.testng.internal.Parameters.createParameters(Parameters.java:355)
	at org.testng.internal.Parameters.handleParameters(Parameters.java:447)
	at org.testng.internal.Invoker.handleParameters(Invoker.java:1389)
	at org.testng.internal.Invoker.createParameters(Invoker.java:1081)
	at org.testng.internal.Invoker.invokeTestMethods(Invoker.java:1186)
	at org.testng.internal.TestMethodWorker.invokeTestMethods(TestMethodWorker.java:127)
	at org.testng.internal.TestMethodWorker.run(TestMethodWorker.java:111)
	at org.testng.TestRunner.privateRun(TestRunner.java:767)
	at org.testng.TestRunner.run(TestRunner.java:617)
	at org.testng.SuiteRunner.runTest(SuiteRunner.java:334)
	at org.testng.SuiteRunner.runSequentially(SuiteRunner.java:329)
	at org.testng.SuiteRunner.privateRun(SuiteRunner.java:291)
	at org.testng.SuiteRunner.run(SuiteRunner.java:240)
	at org.testng.SuiteRunnerWorker.runSuite(SuiteRunnerWorker.java:51)
	at org.testng.SuiteRunnerWorker.run(SuiteRunnerWorker.java:85)
	at org.testng.TestNG.runSuitesSequentially(TestNG.java:1197)
	at org.testng.TestNG.runSuitesLocally(TestNG.java:1122)
	at org.testng.TestNG.run(TestNG.java:1030)
	at org.testng.remote.AbstractRemoteTestNG.run(AbstractRemoteTestNG.java:115)
	at org.testng.remote.RemoteTestNG.initAndRun(RemoteTestNG.java:251)
	at org.testng.remote.RemoteTestNG.main(RemoteTestNG.java:77)
]]>
            </full-stacktrace>
          </exception> <!-- org.testng.TestNGException -->
          <reporter-output>
          </reporter-output>
        </test-method> <!-- testMethod -->
        <test-method status="SKIP" signature="titleTest()[pri:0, instance:testLayer.CalenderTest@7c0e2abd]" name="titleTest" duration-ms="1" started-at="2019-12-17T14:21:39Z" finished-at="2019-12-17T14:21:39Z">
          <reporter-output>
          </reporter-output>
        </test-method> <!-- titleTest -->
      </class> <!-- testLayer.CalenderTest -->
      <class name="testLayer.ContactsTest">
        <test-method status="SKIP" signature="getCheckboxTick()[pri:0, instance:testLayer.ContactsTest@48eff760]" name="getCheckboxTick" duration-ms="0" started-at="2019-12-17T14:21:39Z" finished-at="2019-12-17T14:21:39Z">
          <reporter-output>
          </reporter-output>
        </test-method> <!-- getCheckboxTick -->
        <test-method status="SKIP" signature="titleTest()[pri:0, instance:testLayer.ContactsTest@48eff760]" name="titleTest" duration-ms="0" started-at="2019-12-17T14:21:39Z" finished-at="2019-12-17T14:21:39Z">
          <reporter-output>
          </reporter-output>
        </test-method> <!-- titleTest -->
        <test-method status="SKIP" signature="tearDown()[pri:0, instance:testLayer.ContactsTest@48eff760]" name="tearDown" is-config="true" duration-ms="0" started-at="2019-12-17T14:21:39Z" finished-at="2019-12-17T14:21:39Z">
          <reporter-output>
          </reporter-output>
        </test-method> <!-- tearDown -->
        <test-method status="SKIP" signature="tearDown()[pri:0, instance:testLayer.HomeTest@3c756e4d]" name="tearDown" is-config="true" duration-ms="0" started-at="2019-12-17T14:21:39Z" finished-at="2019-12-17T14:21:39Z">
          <reporter-output>
          </reporter-output>
        </test-method> <!-- tearDown -->
      </class> <!-- testLayer.ContactsTest -->
    </test> <!-- Test -->
  </suite> <!-- Suite -->
</testng-results>
